<?xml version="1.0" encoding="UTF-8"?>
<!-- Generated by org.testng.reporters.JUnitXMLReporter -->
<testsuite hostname="DESKTOP-5SP6QVN" ignored="0" name="Default test" tests="7" failures="0" timestamp="23 Feb 2019 13:56:39 GMT" time="164.376" errors="0">
  <testcase name="b_VerifyBet" time="52.1" classname="org.betPawa.automation.betPawa_automation.BetPawaTests"/>
  <testcase name="c_VerifyMultipleBet" time="26.392" classname="org.betPawa.automation.betPawa_automation.BetPawaTests"/>
  <testcase name="d_VerifyWithdrawl" time="20.296" classname="org.betPawa.automation.betPawa_automation.BetPawaTests"/>
  <testcase name="e_VerifyRedeemVoucher" time="17.815" classname="org.betPawa.automation.betPawa_automation.BetPawaTests"/>
  <testcase name="f_VerifyWithdrawlInsufficientAmount" time="15.575" classname="org.betPawa.automation.betPawa_automation.BetPawaTests"/>
  <testcase name="g_VerifyWithdrawlInvalidAmount" time="7.718" classname="org.betPawa.automation.betPawa_automation.BetPawaTests"/>
  <testcase name="h_VerifyInvalidCurrencyVoucher" time="24.421" classname="org.betPawa.automation.betPawa_automation.BetPawaTests"/>
</testsuite> <!-- Default test -->
