<?xml version="1.0" encoding="UTF-8"?>
<testsuite xmlns:xsi="http://www.w3.org/2001/XMLSchema-instance" xsi:noNamespaceSchemaLocation="https://maven.apache.org/surefire/maven-surefire-plugin/xsd/surefire-test-report-3.0.xsd" version="3.0" name="TestSuite" time="140.376" tests="7" errors="0" skipped="0" failures="0">
  <properties>
[...]
</properties>
  <testcase name="b_VerifyBet" classname="org.betPawa.automation.betPawa_automation.BetPawaTests" time="37.485"/>
  <testcase name="c_VerifyMultipleBet" classname="org.betPawa.automation.betPawa_automation.BetPawaTests" time="26.533"/>
  <testcase name="d_VerifyWithdrawl" classname="org.betPawa.automation.betPawa_automation.BetPawaTests" time="13.791"/>
  <testcase name="e_VerifyRedeemVoucher" classname="org.betPawa.automation.betPawa_automation.BetPawaTests" time="16.81"/>
  <testcase name="f_VerifyWithdrawlInsufficientAmount" classname="org.betPawa.automation.betPawa_automation.BetPawaTests" time="12.136"/>
  <testcase name="g_VerifyWithdrawlInvalidAmount" classname="org.betPawa.automation.betPawa_automation.BetPawaTests" time="7.322"/>
  <testcase name="h_VerifyInvalidCurrencyVoucher" classname="org.betPawa.automation.betPawa_automation.BetPawaTests" time="25.033"/>
</testsuite>